Sync target ...
Build executable on Target ...
Downloading executable from target ~/XCPlite-RainerZ/build/no_a2l_demo.out to examples/no_a2l_demo/CANape/no_a2l_demo.out ...
Starting executable ~/XCPlite-RainerZ/build/no_a2l_demo.out on Target ...

========================================================================================================
Creating A2L file examples/no_a2l_demo/CANape/no_a2l_demo.a2l with xcp_client
========================================================================================================
[INFO ] XCP server dest addr: 192.168.0.206:5555
[INFO ] XCP client local bind addr: 0.0.0.0:9999
[INFO ] XCP Connect using TCP
[INFO ] XCP MAX_CTO = 248
[INFO ] XCP MAX_DTO = 1024
[INFO ] XCP RESOURCES = 0x05 CAL DAQ  
[INFO ] XCP COMM_MODE_BASIC = 0x80
[INFO ] XCP PROTOCOL_VERSION = 0x0104
[INFO ] XCP TRANSPORT_LAYER_VERSION = 0x0104
[INFO ] XCP DRIVER_VERSION = 0x09
[INFO ] XCP MAX_SEGMENTS = 1
[INFO ] XCP FREEZE_SUPPORTED = true
[INFO ] XCP MAX_EVENTS = 4
[INFO ] GET_ID XCP_IDT_ASCII = no_a2l_demo
[WARN ] GET_ID XCP_IDT_ASAM_EPK failed, Error: Upload: Access denied
[INFO ] Registry set application info, app_name=no_a2l_demo, app_id=0, description=-
[INFO ] Generate A2L file examples/no_a2l_demo/CANape/no_a2l_demo.a2l from connected XCP server event and segment information and elf/dwarf information
[INFO ] Getting event and segment information from connected XCP server
[INFO ]  Event 0: async
[INFO ]  Event 1: mainloop
[INFO ]  Event 2: task
[INFO ]  Event 3: foo
[INFO ]  Segment 0: params addr=0:0x000158E0 length=48 
[INFO ] Reading ELF file: examples/no_a2l_demo/CANape/no_a2l_demo.out
[INFO ] Loading debug information from ELF file: examples/no_a2l_demo/CANape/no_a2l_demo.out
[INFO ] Parsing elf file: examples/no_a2l_demo/CANape/no_a2l_demo.out
[INFO ] DWARF compile units: 9
[INFO ] elf section: .interp @ 270 - 28b
[INFO ] elf section: .note.gnu.build-id @ 28c - 2b0
[INFO ] elf section: .note.ABI-tag @ 2b0 - 2d0
[INFO ] elf section: .gnu.hash @ 2d0 - 2ec
[INFO ] elf section: .dynsym @ 2f0 - 9f8
[INFO ] elf section: .dynstr @ 9f8 - cfc
[INFO ] elf section: .gnu.version @ cfc - d92
[INFO ] elf section: .gnu.version_r @ d98 - dc8
[INFO ] elf section: .rela.dyn @ dc8 - fd8
[INFO ] elf section: .rela.plt @ fd8 - 1650
[INFO ] elf section: .init @ 1650 - 1668
[INFO ] elf section: .plt @ 1670 - 1ae0
[INFO ] elf section: .text @ 1b00 - 158c0
[INFO ] elf section: .fini @ 158c0 - 158d4
[INFO ] elf section: .rodata @ 158d8 - 1bd90
[INFO ] elf section: .eh_frame_hdr @ 1bd90 - 1c5bc
[INFO ] elf section: .eh_frame @ 1c5c0 - 1e4bc
[INFO ] elf section: .tdata @ 2fd7c - 2fd88
[INFO ] elf section: .tbss @ 2fd88 - 2fd8a
[INFO ] elf section: .init_array @ 2fd88 - 2fd98
[INFO ] elf section: .fini_array @ 2fd98 - 2fda0
[INFO ] elf section: .data.rel.ro @ 2fda0 - 2fdc0
[INFO ] elf section: .dynamic @ 2fdc0 - 2ffa0
[INFO ] elf section: .got @ 2ffa0 - 2ffe8
[INFO ] elf section: .got.plt @ 2ffe8 - 30228
[INFO ] elf section: .data @ 30228 - 302c0
[INFO ] elf section: .bss @ 302c0 - 311b0
[INFO ]  unit name: /home/rainer/XCPlite-RainerZ/examples/no_a2l_demo/src/main.c
[INFO ]  unit name: /home/rainer/XCPlite-RainerZ/src/xcpAppl.c
[INFO ]  unit name: /home/rainer/XCPlite-RainerZ/src/xcpLite.c
[INFO ]  unit name: /home/rainer/XCPlite-RainerZ/src/xcpEthServer.c
[INFO ]  unit name: /home/rainer/XCPlite-RainerZ/src/xcpEthTl.c
[INFO ]  unit name: /home/rainer/XCPlite-RainerZ/src/xcpQueue64.c
[INFO ]  unit name: /home/rainer/XCPlite-RainerZ/src/a2l.c
[INFO ]  unit name: /home/rainer/XCPlite-RainerZ/src/persistency.c
[INFO ]  unit name: /home/rainer/XCPlite-RainerZ/src/platform.c

Debug information summary:
  Compilation units: 9 units
  Sections: 27 sections
  Type names: 94 named types
  Types: 582 total types
  Demangled names: 0 entries
  Variables 475 with 241 unique names

Compilation Units:
  Unit 0: main_c
  Unit 1: xcpAppl_c
  Unit 2: xcpLite_c
  Unit 3: xcpEthServer_c
  Unit 4: xcpEthTl_c
  Unit 5: xcpQueue64_c
  Unit 6: a2l_c
  Unit 7: persistency_c
  Unit 8: platform_c


Memory Sections (debug_data.sections)
  Section '.rodata': address=0x000158d8, size=0x1bd90 (114064 bytes)
  Section '.tbss': address=0x0002fd88, size=0x2fd8a (195978 bytes)
  Section '.fini': address=0x000158c0, size=0x158d4 (88276 bytes)
  Section '.got': address=0x0002ffa0, size=0x2ffe8 (196584 bytes)
  Section '.gnu.version': address=0x00000cfc, size=0xd92 (3474 bytes)
  Section '.dynsym': address=0x000002f0, size=0x9f8 (2552 bytes)
  Section '.dynamic': address=0x0002fdc0, size=0x2ffa0 (196512 bytes)
  Section '.gnu.hash': address=0x000002d0, size=0x2ec (748 bytes)
  Section '.bss': address=0x000302c0, size=0x311b0 (201136 bytes)
  Section '.plt': address=0x00001670, size=0x1ae0 (6880 bytes)
  Section '.got.plt': address=0x0002ffe8, size=0x30228 (197160 bytes)
  Section '.rela.plt': address=0x00000fd8, size=0x1650 (5712 bytes)
  Section '.text': address=0x00001b00, size=0x158c0 (88256 bytes)
  Section '.eh_frame_hdr': address=0x0001bd90, size=0x1c5bc (116156 bytes)
  Section '.note.gnu.build-id': address=0x0000028c, size=0x2b0 (688 bytes)
  Section '.eh_frame': address=0x0001c5c0, size=0x1e4bc (124092 bytes)
  Section '.dynstr': address=0x000009f8, size=0xcfc (3324 bytes)
  Section '.tdata': address=0x0002fd7c, size=0x2fd88 (195976 bytes)
  Section '.fini_array': address=0x0002fd98, size=0x2fda0 (196000 bytes)
  Section '.data': address=0x00030228, size=0x302c0 (197312 bytes)
  Section '.interp': address=0x00000270, size=0x28b (651 bytes)
  Section '.data.rel.ro': address=0x0002fda0, size=0x2fdc0 (196032 bytes)
  Section '.init_array': address=0x0002fd88, size=0x2fd98 (195992 bytes)
  Section '.gnu.version_r': address=0x00000d98, size=0xdc8 (3528 bytes)
  Section '.note.ABI-tag': address=0x000002b0, size=0x2d0 (720 bytes)
  Section '.init': address=0x00001650, size=0x1668 (5736 bytes)
  Section '.rela.dyn': address=0x00000dc8, size=0xfd8 (4056 bytes)

Variables:
Variable 'global_running': 
  unit 'main_c', function '<global>', namespace '': address=(0x0,0x30238) type='_Bool', size=1 bytes
Variable 'params': 
  unit 'main_c', function '<global>', namespace '': address=(0x0,0x158e0) type='params', size=48 bytes
  unit 'main_c', function 'main', namespace '': address=(0x2,0x7ffffff8) type='params', size=8 bytes
Variable 'global_counter': 
  unit 'main_c', function '<global>', namespace '': address=(0x0,0x302c2) type='uint16_t', size=2 bytes
Variable 'global_test_uint8': 
  unit 'main_c', function '<global>', namespace '': address=(0x0,0x30239) type='uint8_t', size=1 bytes
Variable 'global_test_uint16': 
  unit 'main_c', function '<global>', namespace '': address=(0x0,0x3023a) type='uint16_t', size=2 bytes
Variable 'global_test_uint32': 
  unit 'main_c', function '<global>', namespace '': address=(0x0,0x3023c) type='uint32_t', size=4 bytes
Variable 'global_test_uint64': 
  unit 'main_c', function '<global>', namespace '': address=(0x0,0x30240) type='uint64_t', size=8 bytes
Variable 'global_test_int8': 
  unit 'main_c', function '<global>', namespace '': address=(0x0,0x30248) type='int8_t', size=1 bytes
Variable 'global_test_int16': 
  unit 'main_c', function '<global>', namespace '': address=(0x0,0x3024a) type='int16_t', size=2 bytes
Variable 'global_test_int32': 
  unit 'main_c', function '<global>', namespace '': address=(0x0,0x3024c) type='int32_t', size=4 bytes
Variable 'global_test_int64': 
  unit 'main_c', function '<global>', namespace '': address=(0x0,0x30250) type='int64_t', size=8 bytes
Variable 'global_test_float': 
  unit 'main_c', function '<global>', namespace '': address=(0x0,0x30258) type='float', size=4 bytes
Variable 'global_test_double': 
  unit 'main_c', function '<global>', namespace '': address=(0x0,0x30260) type='double', size=8 bytes
Variable 'global_test_array': 
  unit 'main_c', function '<global>', namespace '': address=(0x0,0x30268) type='uint8_t', size=3 bytes
Variable 'global_test_struct': 
  unit 'main_c', function '<global>', namespace '': address=(0x0,0x30270) type='test_struct', size=12 bytes
Variable 'cal__params': 
  unit 'main_c', function 'main', namespace '': address=(0x0,0x3027c) type='tXcpCalSegIndex', size=2 bytes
Variable 'counter': 
  unit 'main_c', function 'main', namespace '': address=(0x2,0x7fffffe4) type='uint32_t', size=4 bytes
  unit 'main_c', function 'foo', namespace '': address=(0x2,0x7ffffffc) type='uint32_t', size=4 bytes
  unit 'main_c', function 'task', namespace '': address=(0x2,0x7ffffffc) type='uint32_t', size=4 bytes
Variable 'static_counter': 
  unit 'main_c', function 'main', namespace '': address=(0x0,0x302c6) type='uint16_t', size=2 bytes
Variable 'delay_us': 
  unit 'main_c', function 'main', namespace '': address=(0x2,0x7ffffff4) type='uint32_t', size=4 bytes
Variable 'evt__mainloop': 
  unit 'main_c', function 'main', namespace '': address=(0x0,0x0) type='tXcpEventId', size=2 bytes
Variable 'trg__aas0__mainloop': 
  unit 'main_c', function 'main', namespace '': address=(0x0,0x0) type='tXcpEventId', size=2 bytes
Variable 'test_int64': 
  unit 'main_c', function 'foo', namespace '': address=(0x2,0x7ffffff0) type='uint64_t', size=8 bytes
Variable 'test_float': 
  unit 'main_c', function 'foo', namespace '': address=(0x2,0x7fffffec) type='float', size=4 bytes
Variable 'test_double': 
  unit 'main_c', function 'foo', namespace '': address=(0x2,0x7fffffe0) type='double', size=8 bytes
Variable 'test_uint8': 
  unit 'main_c', function 'foo', namespace '': address=(0x2,0x7fffffdf) type='uint8_t', size=1 bytes
Variable 'test_uint16': 
  unit 'main_c', function 'foo', namespace '': address=(0x2,0x7fffffdc) type='uint16_t', size=2 bytes
Variable 'test_uint32': 
  unit 'main_c', function 'foo', namespace '': address=(0x2,0x7fffffd8) type='uint32_t', size=4 bytes
Variable 'test_uint64': 
  unit 'main_c', function 'foo', namespace '': address=(0x2,0x7fffffd0) type='uint64_t', size=8 bytes
Variable 'test_int8': 
  unit 'main_c', function 'foo', namespace '': address=(0x2,0x7fffffcf) type='int8_t', size=1 bytes
Variable 'test_int16': 
  unit 'main_c', function 'foo', namespace '': address=(0x2,0x7fffffcc) type='int16_t', size=2 bytes
Variable 'test_int32': 
  unit 'main_c', function 'foo', namespace '': address=(0x2,0x7fffffc8) type='int32_t', size=4 bytes
Variable 'test_int64_2': 
  unit 'main_c', function 'foo', namespace '': address=(0x2,0x7fffffc0) type='int64_t', size=8 bytes
Variable 'test_struct': 
  unit 'main_c', function 'foo', namespace '': address=(0x2,0x7fffffb0) type='test_struct', size=12 bytes
Variable 'evt__foo': 
  unit 'main_c', function 'foo', namespace '': address=(0x0,0x0) type='tXcpEventId', size=2 bytes
Variable 'trg__aas0__foo': 
  unit 'main_c', function 'foo', namespace '': address=(0x0,0x0) type='tXcpEventId', size=2 bytes
Variable 'thread_local_counter': 
  unit 'main_c', function 'task', namespace '': address=(0x0,0x0) type='uint16_t', size=2 bytes
Variable 'evt__task': 
  unit 'main_c', function 'task', namespace '': address=(0x0,0x0) type='tXcpEventId', size=2 bytes
Variable 'daq__task__thread_local_counter': 
  unit 'main_c', function 'task', namespace '': address=(0x0,0x302c4) type='uint16_t', size=2 bytes
Variable 'trg__aas0__task': 
  unit 'main_c', function 'task', namespace '': address=(0x0,0x0) type='tXcpEventId', size=2 bytes
Variable 'stderr': 
  unit 'xcpAppl_c', function '<global>', namespace '': address=(0x0,0x0) type='FILE', size=8 bytes
  unit 'xcpLite_c', function '<global>', namespace '': address=(0x0,0x0) type='FILE', size=8 bytes
  unit 'xcpEthServer_c', function '<global>', namespace '': address=(0x0,0x0) type='FILE', size=8 bytes
  unit 'xcpEthTl_c', function '<global>', namespace '': address=(0x0,0x0) type='FILE', size=8 bytes
  unit 'xcpQueue64_c', function '<global>', namespace '': address=(0x0,0x0) type='FILE', size=8 bytes
  unit 'a2l_c', function '<global>', namespace '': address=(0x0,0x0) type='FILE', size=8 bytes
  unit 'persistency_c', function '<global>', namespace '': address=(0x0,0x0) type='FILE', size=8 bytes
  unit 'platform_c', function '<global>', namespace '': address=(0x0,0x0) type='FILE', size=8 bytes
Variable 'gXcpDebugLevel': 
  unit 'xcpAppl_c', function '<global>', namespace '': address=(0x0,0x0) type='uint8_t', size=1 bytes
  unit 'xcpLite_c', function '<global>', namespace '': address=(0x0,0x0) type='uint8_t', size=1 bytes
  unit 'xcpLite_c', function '<global>', namespace '': address=(0x0,0x30280) type='uint8_t', size=1 bytes
  unit 'xcpEthServer_c', function '<global>', namespace '': address=(0x0,0x0) type='uint8_t', size=1 bytes
  unit 'xcpEthTl_c', function '<global>', namespace '': address=(0x0,0x0) type='uint8_t', size=1 bytes
  unit 'xcpQueue64_c', function '<global>', namespace '': address=(0x0,0x0) type='uint8_t', size=1 bytes
  unit 'a2l_c', function '<global>', namespace '': address=(0x0,0x0) type='uint8_t', size=1 bytes
  unit 'persistency_c', function '<global>', namespace '': address=(0x0,0x0) type='uint8_t', size=1 bytes
  unit 'platform_c', function '<global>', namespace '': address=(0x0,0x0) type='uint8_t', size=1 bytes
Variable 'gXcpA2lName': 
  unit 'xcpAppl_c', function '<global>', namespace '': address=(0x0,0x30340) type='char', size=256 bytes
Variable 'gXcpFile': 
  unit 'xcpAppl_c', function '<global>', namespace '': address=(0x0,0x30440) type='FILE', size=8 bytes
Variable 'gXcpFileLength': 
  unit 'xcpAppl_c', function '<global>', namespace '': address=(0x0,0x30448) type='uint32_t', size=4 bytes
Variable 'len': 
  unit 'xcpAppl_c', function 'ApplXcpGetId', namespace '': address=(0x2,0x7ffffffc) type='uint32_t', size=4 bytes
  unit 'xcpLite_c', function 'safe_strnlen', namespace '': address=(0x2,0x7ffffff8) type='size_t', size=8 bytes
  unit 'xcpQueue64_c', function 'QueuePeek', namespace '': address=(0x2,0x7fffff5e) type='uint16_t', size=2 bytes
  unit 'a2l_c', function 'printPhysUnit', namespace '': address=(0x2,0x7ffffff8) type='size_t', size=8 bytes
Variable 'epk': 
  unit 'xcpAppl_c', function 'ApplXcpGetId', namespace '': address=(0x2,0x7ffffff0) type='char', size=8 bytes
  unit 'a2l_c', function 'A2lInit', namespace '': address=(0x2,0x7fffffb8) type='char', size=64 bytes
  unit 'a2l_c', function 'A2lCreate_MOD_PAR', namespace '': address=(0x2,0x7ffffff0) type='char', size=8 bytes
Variable 'filename': 
  unit 'xcpAppl_c', function 'openA2lFile', namespace '': address=(0x2,0x7ffffef8) type='char', size=260 bytes
Variable 'dot': 
  unit 'xcpAppl_c', function 'ApplXcpSetA2lName', namespace '': address=(0x2,0x7ffffff8) type='char', size=8 bytes
Variable 'b': 
  unit 'xcpAppl_c', function 'ApplXcpGetAddr', namespace '': address=(0x2,0x7ffffff8) type='uint8_t', size=8 bytes
  unit 'xcpEthTl_c', function 'XcpTlHandleTransmitQueue', namespace '': address=(0x2,0x7fffffd8) type='uint8_t', size=8 bytes
Variable 'gXcp': 
  unit 'xcpLite_c', function '<global>', namespace '': address=(0x0,0x30450) type='tXcpData', size=2000 bytes
  unit 'persistency_c', function '<global>', namespace '': address=(0x0,0x0) type='tXcpData', size=2000 bytes
Variable 'gXcpCRC16CCITTtab': 
  unit 'xcpLite_c', function '<global>', namespace '': address=(0x0,0x16530) type='uint16_t', size=512 bytes
Variable 'i': 
  unit 'xcpLite_c', function 'XcpPrintDaqList', namespace '': address=(0x2,0x7ffffffc) type='int', size=4 bytes
  unit 'xcpLite_c', function 'XcpPrintCmd', namespace '': address=(0x2,0x7ffffffe) type='uint16_t', size=2 bytes
  unit 'xcpLite_c', function 'XcpPrintCmd', namespace '': address=(0x2,0x7ffffffc) type='uint16_t', size=2 bytes
  unit 'xcpLite_c', function 'XcpPrintCmd', namespace '': address=(0x2,0x7ffffff8) type='int', size=4 bytes
  unit 'xcpLite_c', function 'XcpPrint', namespace '': address=(0x2,0x7fffffff) type='uint8_t', size=1 bytes
  unit 'xcpLite_c', function 'XcpSendEvent', namespace '': address=(0x2,0x7fffffff) type='uint8_t', size=1 bytes
  unit 'xcpLite_c', function 'XcpAsyncCommand', namespace '': address=(0x2,0x7ffffff4) type='int', size=4 bytes
  unit 'xcpLite_c', function 'XcpCheckPreparedDaqLists', namespace '': address=(0x2,0x7ffffffc) type='uint16_t', size=2 bytes
  unit 'xcpLite_c', function 'XcpFindEvent', namespace '': address=(0x2,0x7ffffffc) type='uint16_t', size=2 bytes
  unit 'xcpLite_c', function 'XcpResetAllCalSegs', namespace '': address=(0x2,0x7ffffffe) type='uint16_t', size=2 bytes
  unit 'xcpLite_c', function 'XcpFreezeSelectedCalSegs', namespace '': address=(0x2,0x7ffffffe) type='uint16_t', size=2 bytes
  unit 'xcpLite_c', function 'XcpCalSegCommand', namespace '': address=(0x2,0x7ffffffe) type='uint16_t', size=2 bytes
  unit 'xcpLite_c', function 'XcpCalSegCopyCalPage', namespace '': address=(0x2,0x7ffffffe) type='tXcpCalSegIndex', size=2 bytes
  unit 'xcpLite_c', function 'XcpCalSegSetCalPage', namespace '': address=(0x2,0x7ffffffe) type='tXcpCalSegIndex', size=2 bytes
  unit 'xcpLite_c', function 'XcpCalSegPublishAll', namespace '': address=(0x2,0x7ffffffc) type='uint16_t', size=2 bytes
  unit 'xcpLite_c', function 'XcpFindCalSegByAddr', namespace '': address=(0x2,0x7ffffffe) type='tXcpCalSegIndex', size=2 bytes
  unit 'xcpLite_c', function 'XcpFindCalSeg', namespace '': address=(0x2,0x7ffffffe) type='tXcpCalSegIndex', size=2 bytes
  unit 'xcpLite_c', function 'XcpFreeCalSegList', namespace '': address=(0x2,0x7ffffffe) type='uint16_t', size=2 bytes
  unit 'xcpEthTl_c', function 'XcpTlHandleTransmitQueue', namespace '': address=(0x2,0x7ffffff0) type='uint32_t', size=4 bytes
  unit 'xcpEthTl_c', function 'handleXcpCommand', namespace '': address=(0x2,0x7ffffffc) type='int', size=4 bytes
  unit 'a2l_c', function 'A2lCreateParameterGroupFromList', namespace '': address=(0x2,0x7ffffffc) type='int', size=4 bytes
  unit 'a2l_c', function 'A2lCreateParameterGroup', namespace '': address=(0x2,0x7fffff4c) type='int', size=4 bytes
  unit 'a2l_c', function 'A2lCreateMeasurementGroup', namespace '': address=(0x2,0x7fffff4c) type='int', size=4 bytes
  unit 'a2l_c', function 'A2lCreate_MOD_PAR', namespace '': address=(0x2,0x7ffffffe) type='tXcpCalSegIndex', size=2 bytes
  unit 'a2l_c', function 'A2lOpen', namespace '': address=(0x2,0x7ffffff8) type='size_t', size=8 bytes
  unit 'persistency_c', function 'XcpBinLoad', namespace '': address=(0x2,0x7ffffffe) type='uint16_t', size=2 bytes
  unit 'persistency_c', function 'XcpBinLoad', namespace '': address=(0x2,0x7ffffffc) type='uint16_t', size=2 bytes
  unit 'persistency_c', function 'XcpBinWrite', namespace '': address=(0x2,0x7ffffffe) type='tXcpEventId', size=2 bytes
  unit 'persistency_c', function 'XcpBinWrite', namespace '': address=(0x2,0x7ffffffc) type='tXcpCalSegIndex', size=2 bytes
Variable 'e': 
  unit 'xcpLite_c', function 'XcpPrintDaqList', namespace '': address=(0x2,0x7ffffff8) type='int', size=4 bytes
  unit 'xcpLite_c', function 'XcpPrintRes', namespace '': address=(0x2,0x7ffffff8) type='char', size=8 bytes
  unit 'xcpLite_c', function 'XcpTriggerDaqList', namespace '': address=(0x2,0x7fffffec) type='uint32_t', size=4 bytes
  unit 'xcpLite_c', function 'XcpCheckPreparedDaqLists', namespace '': address=(0x2,0x7ffffffa) type='uint16_t', size=2 bytes
  unit 'xcpLite_c', function 'XcpCreateIndexedEvent', namespace '': address=(0x2,0x7ffffff6) type='uint16_t', size=2 bytes
Variable 'ts': 
  unit 'xcpLite_c', function 'XcpPrintRes', namespace '': address=(0x2,0x7fffffb0) type='char', size=64 bytes
  unit 'xcpLite_c', function 'XcpStartDaq', namespace '': address=(0x2,0x7fffffa8) type='char', size=64 bytes
  unit 'platform_c', function 'clockGet', namespace '': address=(0x2,0x7ffffff0) type='timespec', size=16 bytes
Variable 't': 
  unit 'xcpLite_c', function 'XcpPrintRes', namespace '': address=(0x2,0x7ffffff0) type='uint64_t', size=8 bytes
Variable 'uuid': 
  unit 'xcpLite_c', function 'XcpStart', namespace '': address=(0x2,0x7ffffff8) type='uint8_t', size=8 bytes
Variable 'l': 
  unit 'xcpLite_c', function 'XcpPrint', namespace '': address=(0x2,0x7ffffffc) type='uint16_t', size=2 bytes
  unit 'xcpEthTl_c', function 'XcpTlHandleTransmitQueue', namespace '': address=(0x2,0x7fffffe2) type='uint16_t', size=2 bytes
Variable 'queueBuffer': 
  unit 'xcpLite_c', function 'XcpPrint', namespace '': address=(0x2,0x7fffffd8) type='tQueueBuffer', size=24 bytes
  unit 'xcpLite_c', function 'XcpSendEvent', namespace '': address=(0x2,0x7fffffd8) type='tQueueBuffer', size=24 bytes
  unit 'xcpLite_c', function 'XcpSendResponse', namespace '': address=(0x2,0x7fffffe8) type='tQueueBuffer', size=24 bytes
  unit 'xcpLite_c', function 'XcpTriggerDaqList', namespace '': address=(0x2,0x7fffffa0) type='tQueueBuffer', size=24 bytes
  unit 'xcpEthTl_c', function 'XcpTlHandleTransmitQueue', namespace '': address=(0x2,0x7fffffb8) type='tQueueBuffer', size=24 bytes
Variable 'crm': 
  unit 'xcpLite_c', function 'XcpPrint', namespace '': address=(0x2,0x7ffffff0) type='uint8_t', size=8 bytes
  unit 'xcpLite_c', function 'XcpSendEvent', namespace '': address=(0x2,0x7ffffff0) type='tXcpCto', size=8 bytes
Variable 'err': 
  unit 'xcpLite_c', function 'XcpAsyncCommand', namespace '': address=(0x2,0x7fffffff) type='uint8_t', size=1 bytes
  unit 'platform_c', function 'socketRecv', namespace '': address=(0x2,0x7ffffff8) type='int32_t', size=4 bytes
  unit 'platform_c', function 'socketRecvFrom', namespace '': address=(0x2,0x7ffffff8) type='int32_t', size=4 bytes
Variable 'subcmd': 
  unit 'xcpLite_c', function 'XcpAsyncCommand', namespace '': address=(0x2,0x7ffffff1) type='uint8_t', size=1 bytes
Variable 'res': 
  unit 'xcpLite_c', function 'XcpAsyncCommand', namespace '': address=(0x2,0x7ffffff0) type='uint8_t', size=1 bytes
  unit 'xcpLite_c', function 'calcChecksum', namespace '': address=(0x2,0x7ffffff7) type='uint8_t', size=1 bytes
  unit 'xcpLite_c', function 'XcpReadMta', namespace '': address=(0x2,0x7fffffff) type='uint8_t', size=1 bytes
  unit 'xcpLite_c', function 'XcpWriteMta', namespace '': address=(0x2,0x7fffffff) type='uint8_t', size=1 bytes
  unit 'xcpLite_c', function 'XcpCalSegCopyCalPage', namespace '': address=(0x2,0x7fffffdf) type='uint8_t', size=1 bytes
  unit 'xcpLite_c', function 'XcpCalSegWriteMemory', namespace '': address=(0x2,0x7fffffef) type='uint8_t', size=1 bytes
  unit 'xcpLite_c', function 'XcpCalSegPublishAll', namespace '': address=(0x2,0x7fffffff) type='uint8_t', size=1 bytes
Variable 'size': 
  unit 'xcpLite_c', function 'XcpAsyncCommand', namespace '': address=(0x2,0x7fffffef) type='uint8_t', size=1 bytes
  unit 'xcpLite_c', function 'XcpAsyncCommand', namespace '': address=(0x2,0x7fffffee) type='uint8_t', size=1 bytes
  unit 'xcpLite_c', function 'XcpAsyncCommand', namespace '': address=(0x2,0x7ffffff3) type='uint8_t', size=1 bytes
  unit 'xcpLite_c', function 'XcpAsyncCommand', namespace '': address=(0x2,0x7ffffff2) type='uint8_t', size=1 bytes
  unit 'xcpLite_c', function 'XcpCalSegCopyCalPage', namespace '': address=(0x2,0x7fffffee) type='uint16_t', size=2 bytes
Variable 'segment': 
  unit 'xcpLite_c', function 'XcpAsyncCommand', namespace '': address=(0x2,0x7fffffed) type='uint8_t', size=1 bytes
  unit 'xcpLite_c', function 'XcpAsyncCommand', namespace '': address=(0x2,0x7fffffec) type='uint8_t', size=1 bytes
  unit 'xcpLite_c', function 'XcpAsyncCommand', namespace '': address=(0x2,0x7fffffe4) type='uint8_t', size=1 bytes
  unit 'xcpLite_c', function 'XcpAsyncCommand', namespace '': address=(0x2,0x7fffffe2) type='uint8_t', size=1 bytes
  unit 'xcpLite_c', function 'XcpAsyncCommand', namespace '': address=(0x2,0x7fffffe9) type='uint8_t', size=1 bytes
  unit 'xcpLite_c', function 'XcpAsyncCommand', namespace '': address=(0x2,0x7fffffe6) type='uint8_t', size=1 bytes
Variable 'page': 
  unit 'xcpLite_c', function 'XcpAsyncCommand', namespace '': address=(0x2,0x7fffffeb) type='uint8_t', size=1 bytes
  unit 'xcpLite_c', function 'XcpAsyncCommand', namespace '': address=(0x2,0x7fffffe5) type='uint8_t', size=1 bytes
Variable 'src_segment': 
  unit 'xcpLite_c', function 'XcpAsyncCommand', namespace '': address=(0x2,0x7fffffe1) type='uint8_t', size=1 bytes
Variable 'src_page': 
  unit 'xcpLite_c', function 'XcpAsyncCommand', namespace '': address=(0x2,0x7fffffe0) type='uint8_t', size=1 bytes
Variable 'dst_segment': 
  unit 'xcpLite_c', function 'XcpAsyncCommand', namespace '': address=(0x2,0x7fffffdf) type='uint8_t', size=1 bytes
Variable 'dst_page': 
  unit 'xcpLite_c', function 'XcpAsyncCommand', namespace '': address=(0x2,0x7fffffde) type='uint8_t', size=1 bytes
Variable 'mode': 
  unit 'xcpLite_c', function 'XcpAsyncCommand', namespace '': address=(0x2,0x7fffffe3) type='uint8_t', size=1 bytes
  unit 'xcpLite_c', function 'XcpAsyncCommand', namespace '': address=(0x2,0x7fffffea) type='uint8_t', size=1 bytes
  unit 'xcpLite_c', function 'XcpAsyncCommand', namespace '': address=(0x2,0x7fffffd5) type='uint8_t', size=1 bytes
  unit 'xcpLite_c', function 'XcpAsyncCommand', namespace '': address=(0x2,0x7fffffcd) type='uint8_t', size=1 bytes
Variable 'segInfo': 
  unit 'xcpLite_c', function 'XcpAsyncCommand', namespace '': address=(0x2,0x7fffffe8) type='uint8_t', size=1 bytes
Variable 'mapIndex': 
  unit 'xcpLite_c', function 'XcpAsyncCommand', namespace '': address=(0x2,0x7fffffe7) type='uint8_t', size=1 bytes
Variable 'eventNumber': 
  unit 'xcpLite_c', function 'XcpAsyncCommand', namespace '': address=(0x2,0x7fffffbe) type='uint16_t', size=2 bytes
Variable 'event': 
  unit 'xcpLite_c', function 'XcpAsyncCommand', namespace '': address=(0x2,0x7fffffb0) type='tXcpEvent', size=8 bytes
  unit 'xcpLite_c', function 'XcpAsyncCommand', namespace '': address=(0x2,0x7fffffd6) type='uint16_t', size=2 bytes
  unit 'xcpLite_c', function 'XcpTriggerDaqEvent', namespace '': address=(0x2,0x7fffffe8) type='tXcpEvent', size=8 bytes
  unit 'xcpLite_c', function 'XcpSetDaqListMode', namespace '': address=(0x2,0x7fffffe8) type='tXcpEvent', size=8 bytes
  unit 'xcpLite_c', function 'XcpAddOdtEntry', namespace '': address=(0x2,0x7ffffffa) type='uint16_t', size=2 bytes
  unit 'xcpLite_c', function 'XcpClearDaq', namespace '': address=(0x2,0x7ffffffe) type='uint16_t', size=2 bytes
  unit 'a2l_c', function 'A2lFinalize', namespace '': address=(0x2,0x7fffffd0) type='tXcpEvent', size=8 bytes
  unit 'a2l_c', function 'A2lFinalize', namespace '': address=(0x2,0x7fffffe8) type='tXcpEvent', size=8 bytes
  unit 'a2l_c', function 'A2lCreate_IF_DATA_DAQ', namespace '': address=(0x2,0x7fffffe0) type='tXcpEvent', size=8 bytes
  unit 'persistency_c', function 'XcpBinWrite', namespace '': address=(0x2,0x7fffffe0) type='tXcpEvent', size=8 bytes
Variable 'timeUnit': 
  unit 'xcpLite_c', function 'XcpAsyncCommand', namespace '': address=(0x2,0x7ffffffe) type='uint8_t', size=1 bytes
  unit 'a2l_c', function 'A2lCreate_IF_DATA_DAQ', namespace '': address=(0x2,0x7ffffffb) type='uint8_t', size=1 bytes
Variable 'timeCycle': 
  unit 'xcpLite_c', function 'XcpAsyncCommand', namespace '': address=(0x2,0x7fffffaf) type='uint8_t', size=1 bytes
  unit 'a2l_c', function 'A2lCreate_IF_DATA_DAQ', namespace '': address=(0x2,0x7fffffcf) type='uint8_t', size=1 bytes
Variable 'c': 
  unit 'xcpLite_c', function 'XcpAsyncCommand', namespace '': address=(0x2,0x7ffffff8) type='uint32_t', size=4 bytes
  unit 'xcpLite_c', function 'XcpSetMta', namespace '': address=(0x2,0x7ffffff0) type='tXcpCalSeg', size=8 bytes
  unit 'xcpLite_c', function 'XcpResetAllCalSegs', namespace '': address=(0x2,0x7ffffff0) type='tXcpCalSeg', size=8 bytes
  unit 'xcpLite_c', function 'XcpFreezeSelectedCalSegs', namespace '': address=(0x2,0x7ffffff0) type='tXcpCalSeg', size=8 bytes
  unit 'xcpLite_c', function 'XcpCalSegCopyCalPage', namespace '': address=(0x2,0x7ffffff0) type='tXcpCalSeg', size=8 bytes
  unit 'xcpLite_c', function 'XcpGetSegInfo', namespace '': address=(0x2,0x7ffffff0) type='tXcpCalSeg', size=8 bytes
  unit 'xcpLite_c', function 'XcpCalSegWriteMemory', namespace '': address=(0x2,0x7ffffff0) type='tXcpCalSeg', size=8 bytes
  unit 'xcpLite_c', function 'XcpCalSegPublishAll', namespace '': address=(0x2,0x7ffffff0) type='tXcpCalSeg', size=8 bytes
  unit 'xcpLite_c', function 'XcpCalSegReadMemory', namespace '': address=(0x2,0x7ffffff0) type='tXcpCalSeg', size=8 bytes
  unit 'xcpLite_c', function 'XcpLockCalSeg', namespace '': address=(0x2,0x7ffffff8) type='tXcpCalSeg', size=8 bytes
  unit 'xcpLite_c', function 'XcpCreateCalSeg', namespace '': address=(0x2,0x7ffffff8) type='tXcpCalSeg', size=8 bytes
  unit 'a2l_c', function 'A2lCreate_IF_DATA_DAQ', namespace '': address=(0x2,0x7ffffff4) type='uint32_t', size=4 bytes
Variable 'count': 
  unit 'xcpLite_c', function 'XcpAsyncCommand', namespace '': address=(0x2,0x7fffffac) type='uint16_t', size=2 bytes
  unit 'xcpLite_c', function 'XcpAsyncCommand', namespace '': address=(0x2,0x7fffffa9) type='uint8_t', size=1 bytes
  unit 'xcpLite_c', function 'XcpAsyncCommand', namespace '': address=(0x2,0x7fffffa4) type='uint8_t', size=1 bytes
  unit 'xcpLite_c', function 'XcpCreateEvent', namespace '': address=(0x2,0x7ffffffc) type='uint16_t', size=2 bytes
  unit 'xcpLite_c', function 'XcpCreateEventInstance', namespace '': address=(0x2,0x7ffffffc) type='uint16_t', size=2 bytes
  unit 'xcpLite_c', function 'XcpFindEvent', namespace '': address=(0x2,0x7ffffffa) type='uint16_t', size=2 bytes
Variable 'daq': 
  unit 'xcpLite_c', function 'XcpAsyncCommand', namespace '': address=(0x2,0x7fffffaa) type='uint16_t', size=2 bytes
  unit 'xcpLite_c', function 'XcpAsyncCommand', namespace '': address=(0x2,0x7fffffa6) type='uint16_t', size=2 bytes
  unit 'xcpLite_c', function 'XcpAsyncCommand', namespace '': address=(0x2,0x7fffffd0) type='uint16_t', size=2 bytes
  unit 'xcpLite_c', function 'XcpAsyncCommand', namespace '': address=(0x2,0x7fffffd8) type='uint16_t', size=2 bytes
  unit 'xcpLite_c', function 'XcpAsyncCommand', namespace '': address=(0x2,0x7fffffdc) type='uint16_t', size=2 bytes
  unit 'xcpLite_c', function 'XcpAsyncCommand', namespace '': address=(0x2,0x7fffffce) type='uint16_t', size=2 bytes
  unit 'xcpLite_c', function 'XcpTriggerDaqEvent', namespace '': address=(0x2,0x7ffffffe) type='uint16_t', size=2 bytes
  unit 'xcpLite_c', function 'XcpStopSelectedDaqLists', namespace '': address=(0x2,0x7ffffffe) type='uint16_t', size=2 bytes
  unit 'xcpLite_c', function 'XcpStartSelectedDaqLists', namespace '': address=(0x2,0x7ffffffe) type='uint16_t', size=2 bytes
  unit 'xcpLite_c', function 'XcpStopDaq', namespace '': address=(0x2,0x7ffffffe) type='uint16_t', size=2 bytes
  unit 'xcpLite_c', function 'XcpCheckPreparedDaqLists', namespace '': address=(0x2,0x7ffffffe) type='uint16_t', size=2 bytes
  unit 'xcpLite_c', function 'XcpAllocDaq', namespace '': address=(0x2,0x7ffffffe) type='uint16_t', size=2 bytes
  unit 'xcpLite_c', function 'XcpIsDaqEventRunning', namespace '': address=(0x2,0x7ffffffe) type='uint16_t', size=2 bytes
Variable 'odt': 
  unit 'xcpLite_c', function 'XcpAsyncCommand', namespace '': address=(0x2,0x7fffffa5) type='uint8_t', size=1 bytes
  unit 'xcpLite_c', function 'XcpAsyncCommand', namespace '': address=(0x2,0x7fffffdb) type='uint8_t', size=1 bytes
  unit 'xcpLite_c', function 'XcpTriggerDaqList', namespace '': address=(0x2,0x7ffffffe) type='uint16_t', size=2 bytes
Variable 'prio': 
  unit 'xcpLite_c', function 'XcpAsyncCommand', namespace '': address=(0x2,0x7fffffd4) type='uint8_t', size=1 bytes
Variable 'prescaler': 
  unit 'xcpLite_c', function 'XcpAsyncCommand', namespace '': address=(0x2,0x7fffffd3) type='uint8_t', size=1 bytes
Variable 'idx': 
  unit 'xcpLite_c', function 'XcpAsyncCommand', namespace '': address=(0x2,0x7fffffda) type='uint8_t', size=1 bytes
Variable 'n': 
  unit 'xcpLite_c', function 'XcpAsyncCommand', namespace '': address=(0x2,0x7fffffa3) type='uint8_t', size=1 bytes
  unit 'xcpLite_c', function 'XcpTriggerDaqList', namespace '': address=(0x2,0x7fffffc3) type='uint8_t', size=1 bytes
  unit 'xcpLite_c', function 'XcpAllocOdtEntry', namespace '': address=(0x2,0x7ffffffc) type='uint32_t', size=4 bytes
  unit 'xcpLite_c', function 'XcpAllocOdt', namespace '': address=(0x2,0x7ffffffc) type='uint32_t', size=4 bytes
  unit 'xcpLite_c', function 'calcChecksum', namespace '': address=(0x2,0x7ffffff8) type='uint32_t', size=4 bytes
  unit 'xcpEthServer_c', function 'XcpServerTransmitThread', namespace '': address=(0x2,0x7ffffffc) type='int32_t', size=4 bytes
  unit 'xcpEthTl_c', function 'XcpTlHandleTransmitQueue', namespace '': address=(0x2,0x7ffffffc) type='int32_t', size=4 bytes
  unit 'xcpEthTl_c', function 'XcpEthTlHandleCommands', namespace '': address=(0x2,0x7ffffffe) type='int16_t', size=2 bytes
  unit 'persistency_c', function 'XcpBinFreezeCalSeg', namespace '': address=(0x2,0x7ffffff8) type='size_t', size=8 bytes
  unit 'platform_c', function 'socketRecv', namespace '': address=(0x2,0x7ffffffe) type='int16_t', size=2 bytes
  unit 'platform_c', function 'socketRecvFrom', namespace '': address=(0x2,0x7ffffffe) type='int16_t', size=2 bytes
Variable 'clock': 
  unit 'xcpLite_c', function 'XcpAsyncCommand', namespace '': address=(0x2,0x7fffffc0) type='uint64_t', size=8 bytes
Variable 'old_value': 
  unit 'xcpLite_c', function 'XcpPushCommand', namespace '': address=(0x2,0x7ffffff7) type='uint_fast8_t', size=1 bytes
  unit 'xcpLite_c', function 'XcpProcessPendingCommand', namespace '': address=(0x2,0x7fffffee) type='uint_fast8_t', size=1 bytes
  unit 'a2l_c', function 'A2lOnce_', namespace '': address=(0x2,0x7ffffff0) type='uint64_t', size=8 bytes
Variable 'bases': 
  unit 'xcpLite_c', function 'XcpEvent', namespace '': address=(0x2,0x7fffffd8) type='uint8_t', size=32 bytes
  unit 'xcpLite_c', function 'XcpEventExtAt', namespace '': address=(0x2,0x7fffffe0) type='uint8_t', size=32 bytes
  unit 'xcpLite_c', function 'XcpEventExt', namespace '': address=(0x2,0x7fffffe0) type='uint8_t', size=32 bytes
Variable 'd0': 
  unit 'xcpLite_c', function 'XcpTriggerDaqList', namespace '': address=(0x2,0x7fffffc8) type='uint8_t', size=8 bytes
Variable 'hs': 
  unit 'xcpLite_c', function 'XcpTriggerDaqList', namespace '': address=(0x2,0x7ffffffc) type='uint16_t', size=2 bytes
Variable 'dst': 
  unit 'xcpLite_c', function 'XcpTriggerDaqList', namespace '': address=(0x2,0x7ffffff0) type='uint8_t', size=8 bytes
Variable 'el': 
  unit 'xcpLite_c', function 'XcpTriggerDaqList', namespace '': address=(0x2,0x7fffffc4) type='uint32_t', size=4 bytes
Variable 'addr_ptr': 
  unit 'xcpLite_c', function 'XcpTriggerDaqList', namespace '': address=(0x2,0x7fffffe0) type='int32_t', size=8 bytes
Variable 'size_ptr': 
  unit 'xcpLite_c', function 'XcpTriggerDaqList', namespace '': address=(0x2,0x7fffffd8) type='uint8_t', size=8 bytes
Variable 'addr_ext_ptr': 
  unit 'xcpLite_c', function 'XcpTriggerDaqList', namespace '': address=(0x2,0x7fffffd0) type='uint8_t', size=8 bytes
Variable 'src': 
  unit 'xcpLite_c', function 'XcpTriggerDaqList', namespace '': address=(0x2,0x7fffffb8) type='uint8_t', size=8 bytes
  unit 'platform_c', function 'socketRecvFrom', namespace '': address=(0x2,0x7fffffe8) type='sockaddr_in', size=16 bytes
Variable 'd': 
  unit 'xcpLite_c', function 'XcpStopDaqList', namespace '': address=(0x2,0x7ffffffe) type='uint16_t', size=2 bytes
Variable 'event_id0': 
  unit 'xcpLite_c', function 'XcpSetDaqListMode', namespace '': address=(0x2,0x7fffffe6) type='uint16_t', size=2 bytes
Variable 'daq0': 
  unit 'xcpLite_c', function 'XcpSetDaqListMode', namespace '': address=(0x2,0x7ffffffe) type='uint16_t', size=2 bytes
Variable 'daq0_next': 
  unit 'xcpLite_c', function 'XcpSetDaqListMode', namespace '': address=(0x2,0x7ffffff0) type='uint16_t', size=8 bytes
Variable 'base_offset': 
  unit 'xcpLite_c', function 'XcpAddOdtEntry', namespace '': address=(0x2,0x7ffffffc) type='int32_t', size=4 bytes
Variable 'offset': 
  unit 'xcpLite_c', function 'XcpAddOdtEntry', namespace '': address=(0x2,0x7ffffff8) type='int16_t', size=2 bytes
  unit 'xcpLite_c', function 'XcpCalSegWriteMemory', namespace '': address=(0x2,0x7ffffffc) type='uint16_t', size=2 bytes
  unit 'xcpLite_c', function 'XcpCalSegReadMemory', namespace '': address=(0x2,0x7ffffffc) type='uint16_t', size=2 bytes
  unit 'xcpQueue64_c', function 'QueuePeek', namespace '': address=(0x2,0x7ffffff8) type='uint32_t', size=4 bytes
  unit 'a2l_c', function 'getConversion', namespace '': address=(0x2,0x7ffffff0) type='double', size=8 bytes
Variable 'e0': 
  unit 'xcpLite_c', function 'XcpAddOdtEntry', namespace '': address=(0x2,0x7ffffff6) type='uint16_t', size=2 bytes
Variable 'odt0': 
  unit 'xcpLite_c', function 'XcpSetDaqPtr', namespace '': address=(0x2,0x7ffffffe) type='uint16_t', size=2 bytes
Variable 'xcpFirstOdt': 
  unit 'xcpLite_c', function 'XcpAllocOdtEntry', namespace '': address=(0x2,0x7ffffff8) type='int', size=4 bytes
Variable 'max_size': 
  unit 'xcpLite_c', function 'XcpAdjustOdtSize', namespace '': address=(0x2,0x7ffffffe) type='uint16_t', size=2 bytes
Variable 'r': 
  unit 'xcpLite_c', function 'XcpAllocDaq', namespace '': address=(0x2,0x7ffffffd) type='uint8_t', size=1 bytes
  unit 'xcpEthTl_c', function 'XcpTlHandleTransmitQueue', namespace '': address=(0x2,0x7fffffd4) type='int', size=4 bytes
  unit 'xcpEthTl_c', function 'XcpEthTlSend', namespace '': address=(0x2,0x7ffffffc) type='int', size=4 bytes
Variable 's': 
  unit 'xcpLite_c', function 'XcpCheckMemory', namespace '': address=(0x2,0x7ffffffc) type='uint32_t', size=4 bytes
  unit 'a2l_c', function 'A2lGetSymbolName', namespace '': address=(0x0,0x31050) type='char', size=256 bytes
  unit 'platform_c', function 'clockInit', namespace '': address=(0x2,0x7fffff60) type='char', size=128 bytes
  unit 'platform_c', function 'socketAccept', namespace '': address=(0x2,0x7ffffffc) type='int', size=4 bytes
  unit 'platform_c', function 'GetMAC', namespace '': address=(0x2,0x7ffffff0) type='sockaddr_ll', size=8 bytes
Variable 'id': 
  unit 'xcpLite_c', function 'XcpCreateEvent', namespace '': address=(0x2,0x7ffffffe) type='tXcpEventId', size=2 bytes
  unit 'xcpLite_c', function 'XcpCreateEventInstance', namespace '': address=(0x2,0x7ffffffe) type='tXcpEventId', size=2 bytes
  unit 'xcpLite_c', function 'XcpFindEvent', namespace '': address=(0x2,0x7ffffffe) type='uint16_t', size=2 bytes
  unit 'a2l_c', function 'A2lFinalize', namespace '': address=(0x2,0x7ffffffc) type='uint32_t', size=4 bytes
  unit 'a2l_c', function 'A2lFinalize', namespace '': address=(0x2,0x7ffffff8) type='uint32_t', size=4 bytes
  unit 'a2l_c', function 'A2lCreate_IF_DATA_DAQ', namespace '': address=(0x2,0x7ffffffc) type='uint32_t', size=4 bytes
Variable 'nameLen': 
  unit 'xcpLite_c', function 'XcpCreateIndexedEvent', namespace '': address=(0x2,0x7ffffff8) type='size_t', size=8 bytes
Variable 'sum': 
  unit 'xcpLite_c', function 'calcChecksum', namespace '': address=(0x2,0x7ffffffe) type='uint16_t', size=2 bytes
Variable 'value': 
  unit 'xcpLite_c', function 'calcChecksum', namespace '': address=(0x2,0x7ffffff6) type='uint8_t', size=1 bytes
Variable 'calseg': 
  unit 'xcpLite_c', function 'XcpSetMta', namespace '': address=(0x2,0x7ffffffe) type='tXcpCalSegIndex', size=2 bytes
  unit 'xcpLite_c', function 'XcpGetSegInfo', namespace '': address=(0x2,0x7ffffffe) type='tXcpCalSegIndex', size=2 bytes
  unit 'xcpLite_c', function 'XcpCalSegWriteMemory', namespace '': address=(0x2,0x7ffffffe) type='uint16_t', size=2 bytes
  unit 'xcpLite_c', function 'XcpCalSegReadMemory', namespace '': address=(0x2,0x7ffffffe) type='uint16_t', size=2 bytes
  unit 'xcpLite_c', function 'XcpFindCalSegByAddr', namespace '': address=(0x2,0x7ffffff0) type='tXcpCalSeg', size=8 bytes
  unit 'xcpLite_c', function 'XcpFindCalSeg', namespace '': address=(0x2,0x7ffffff0) type='tXcpCalSeg', size=8 bytes
  unit 'xcpLite_c', function 'XcpFreeCalSegList', namespace '': address=(0x2,0x7ffffff0) type='tXcpCalSeg', size=8 bytes
  unit 'a2l_c', function 'A2lSetSegmentAddrMode__s', namespace '': address=(0x2,0x7ffffff0) type='tXcpCalSeg', size=8 bytes
  unit 'a2l_c', function 'A2lSetSegmentAddrMode__i', namespace '': address=(0x2,0x7ffffff8) type='tXcpCalSeg', size=8 bytes
  unit 'a2l_c', function 'A2lCreate_MOD_PAR', namespace '': address=(0x2,0x7fffffe0) type='tXcpCalSeg', size=8 bytes
  unit 'persistency_c', function 'XcpBinLoad', namespace '': address=(0x2,0x7fffffde) type='tXcpCalSegIndex', size=2 bytes
Variable 'srcPtr': 
  unit 'xcpLite_c', function 'XcpCalSegCopyCalPage', namespace '': address=(0x2,0x7fffffe0) type='uint8_t', size=8 bytes
Variable 'res1': 
  unit 'xcpLite_c', function 'XcpCalSegPublishAll', namespace '': address=(0x2,0x7fffffef) type='uint8_t', size=1 bytes
Variable 'free_page': 
  unit 'xcpLite_c', function 'XcpCalSegPublish', namespace '': address=(0x2,0x7ffffff8) type='uint8_t', size=8 bytes
  unit 'xcpLite_c', function 'XcpFreeCalSegList', namespace '': address=(0x2,0x7fffffe0) type='uintptr_t', size=8 bytes
Variable 'xcp_page_new': 
  unit 'xcpLite_c', function 'XcpCalSegPublish', namespace '': address=(0x2,0x7fffffd8) type='uint8_t', size=8 bytes
Variable 'xcp_page_old': 
  unit 'xcpLite_c', function 'XcpCalSegPublish', namespace '': address=(0x2,0x7fffffc8) type='uint8_t', size=8 bytes
Variable 'timeout': 
  unit 'xcpLite_c', function 'XcpCalSegPublish', namespace '': address=(0x2,0x7ffffff4) type='int', size=4 bytes
  unit 'platform_c', function 'sleepMs', namespace '': address=(0x2,0x7ffffff0) type='timespec', size=16 bytes
  unit 'platform_c', function 'sleepUs', namespace '': address=(0x2,0x7ffffff0) type='timespec', size=16 bytes
Variable 'ecu_page_next': 
  unit 'xcpLite_c', function 'XcpLockCalSeg', namespace '': address=(0x2,0x7fffffe8) type='uint8_t', size=8 bytes
Variable 'index': 
  unit 'xcpLite_c', function 'XcpCreateCalSeg', namespace '': address=(0x2,0x7ffffff6) type='tXcpCalSegIndex', size=2 bytes
  unit 'a2l_c', function 'A2lFinalize', namespace '': address=(0x2,0x7fffffe6) type='uint16_t', size=2 bytes
  unit 'a2l_c', function 'A2lCreate_IF_DATA_DAQ', namespace '': address=(0x2,0x7fffffde) type='uint16_t', size=2 bytes
Variable 'epk_len': 
  unit 'xcpLite_c', function 'XcpSetEpk', namespace '': address=(0x2,0x7ffffff0) type='size_t', size=8 bytes
Variable 'p': 
  unit 'xcpLite_c', function 'XcpSetEpk', namespace '': address=(0x2,0x7ffffff8) type='char', size=8 bytes
  unit 'xcpEthTl_c', function 'XcpTlSendCrm', namespace '': address=(0x2,0x7fffff00) type='tXcpCtoMessage', size=252 bytes
Variable 'gXcpServer': 
  unit 'xcpEthServer_c', function '<global>', namespace '': address=(0x0,0x30c20) type='', size=48 bytes
Variable 'gXcpTl': 
  unit 'xcpEthTl_c', function '<global>', namespace '': address=(0x0,0x30c50) type='', size=96 bytes
Variable 'max_inner_loops': 
  unit 'xcpEthTl_c', function 'XcpTlHandleTransmitQueue', namespace '': address=(0x2,0x7fffffec) type='uint32_t', size=4 bytes
Variable 'max_outer_loops': 
  unit 'xcpEthTl_c', function 'XcpTlHandleTransmitQueue', namespace '': address=(0x2,0x7fffffe8) type='uint32_t', size=4 bytes
Variable 'outer_loop_sleep_ms': 
  unit 'xcpEthTl_c', function 'XcpTlHandleTransmitQueue', namespace '': address=(0x2,0x7fffffe4) type='uint32_t', size=4 bytes
Variable 'gXcpAsyncEvent': 
  unit 'xcpEthTl_c', function 'XcpTlHandleTransmitQueue', namespace '': address=(0x0,0x30282) type='tXcpEventId', size=2 bytes
Variable 'flush': 
  unit 'xcpEthTl_c', function 'XcpTlHandleTransmitQueue', namespace '': address=(0x2,0x7ffffffb) type='_Bool', size=1 bytes
Variable 'j': 
  unit 'xcpEthTl_c', function 'XcpTlHandleTransmitQueue', namespace '': address=(0x2,0x7ffffff4) type='uint32_t', size=4 bytes
Variable 'lost': 
  unit 'xcpEthTl_c', function 'XcpTlHandleTransmitQueue', namespace '': address=(0x2,0x7fffffd0) type='uint32_t', size=4 bytes
  unit 'xcpQueue64_c', function 'QueuePeek', namespace '': address=(0x2,0x7fffffdc) type='uint32_t', size=4 bytes
  unit 'xcpQueue64_c', function 'QueueAcquire', namespace '': address=(0x2,0x7fffffbc) type='uint32_t', size=4 bytes
Variable 'bind_addr': 
  unit 'xcpEthTl_c', function 'XcpEthTlInit', namespace '': address=(0x2,0x7ffffff8) type='uint8_t', size=4 bytes
Variable 'addr1': 
  unit 'xcpEthTl_c', function 'XcpEthTlInit', namespace '': address=(0x2,0x7ffffff0) type='uint8_t', size=4 bytes
Variable 'mac1': 
  unit 'xcpEthTl_c', function 'XcpEthTlInit', namespace '': address=(0x2,0x7fffffe8) type='uint8_t', size=6 bytes
Variable 'msgBuf': 
  unit 'xcpEthTl_c', function 'XcpEthTlHandleCommands', namespace '': address=(0x2,0x7fffff00) type='tXcpCtoMessage', size=252 bytes
Variable 'srcPort': 
  unit 'xcpEthTl_c', function 'XcpEthTlHandleCommands', namespace '': address=(0x2,0x7ffffefe) type='uint16_t', size=2 bytes
Variable 'srcAddr': 
  unit 'xcpEthTl_c', function 'XcpEthTlHandleCommands', namespace '': address=(0x2,0x7ffffef8) type='uint8_t', size=4 bytes
Variable 'connected': 
  unit 'xcpEthTl_c', function 'handleXcpCommand', namespace '': address=(0x2,0x7ffffffb) type='_Bool', size=1 bytes
Variable 'queue': 
  unit 'xcpQueue64_c', function 'QueueRelease', namespace '': address=(0x2,0x7ffffff8) type='tQueue', size=8 bytes
  unit 'xcpQueue64_c', function 'QueuePeek', namespace '': address=(0x2,0x7fffffe8) type='tQueue', size=8 bytes
  unit 'xcpQueue64_c', function 'QueueLevel', namespace '': address=(0x2,0x7ffffff8) type='tQueue', size=8 bytes
  unit 'xcpQueue64_c', function 'QueuePush', namespace '': address=(0x2,0x7ffffff8) type='tQueue', size=8 bytes
  unit 'xcpQueue64_c', function 'QueueAcquire', namespace '': address=(0x2,0x7ffffff0) type='tQueue', size=8 bytes
  unit 'xcpQueue64_c', function 'QueueDeinit', namespace '': address=(0x2,0x7ffffff8) type='tQueue', size=8 bytes
  unit 'xcpQueue64_c', function 'QueueClear', namespace '': address=(0x2,0x7ffffff8) type='tQueue', size=8 bytes
  unit 'xcpQueue64_c', function 'QueueInitFromMemory', namespace '': address=(0x2,0x7ffffff8) type='tQueue', size=8 bytes
Variable 'head': 
  unit 'xcpQueue64_c', function 'QueuePeek', namespace '': address=(0x2,0x7fffffb8) type='uint64_t', size=8 bytes
  unit 'xcpQueue64_c', function 'QueueLevel', namespace '': address=(0x2,0x7fffffe8) type='uint64_t', size=8 bytes
  unit 'xcpQueue64_c', function 'QueueAcquire', namespace '': address=(0x2,0x7fffffb0) type='uint64_t', size=8 bytes
Variable 'tail': 
  unit 'xcpQueue64_c', function 'QueuePeek', namespace '': address=(0x2,0x7fffffc8) type='uint64_t', size=8 bytes
  unit 'xcpQueue64_c', function 'QueueLevel', namespace '': address=(0x2,0x7fffffd8) type='uint64_t', size=8 bytes
  unit 'xcpQueue64_c', function 'QueueAcquire', namespace '': address=(0x2,0x7fffffd8) type='uint64_t', size=8 bytes
Variable 'level': 
  unit 'xcpQueue64_c', function 'QueuePeek', namespace '': address=(0x2,0x7fffffb4) type='uint32_t', size=4 bytes
Variable 'first_offset': 
  unit 'xcpQueue64_c', function 'QueuePeek', namespace '': address=(0x2,0x7fffff9c) type='uint32_t', size=4 bytes
Variable 'first_entry': 
  unit 'xcpQueue64_c', function 'QueuePeek', namespace '': address=(0x2,0x7fffff90) type='tXcpDtoMessage', size=8 bytes
Variable 'total_len': 
  unit 'xcpQueue64_c', function 'QueuePeek', namespace '': address=(0x2,0x7ffffffe) type='uint16_t', size=2 bytes
Variable 'ctr_dlc': 
  unit 'xcpQueue64_c', function 'QueuePeek', namespace '': address=(0x2,0x7fffff84) type='uint32_t', size=4 bytes
  unit 'xcpQueue64_c', function 'QueuePeek', namespace '': address=(0x2,0x7fffff64) type='uint32_t', size=4 bytes
Variable 'dlc': 
  unit 'xcpQueue64_c', function 'QueuePeek', namespace '': address=(0x2,0x7fffff82) type='uint16_t', size=2 bytes
  unit 'xcpQueue64_c', function 'QueuePeek', namespace '': address=(0x2,0x7fffff62) type='uint16_t', size=2 bytes
Variable 'ctr': 
  unit 'xcpQueue64_c', function 'QueuePeek', namespace '': address=(0x2,0x7fffff80) type='uint16_t', size=2 bytes
  unit 'xcpQueue64_c', function 'QueuePeek', namespace '': address=(0x2,0x7fffff60) type='uint16_t', size=2 bytes
Variable 'max_offset': 
  unit 'xcpQueue64_c', function 'QueuePeek', namespace '': address=(0x2,0x7ffffff4) type='uint32_t', size=4 bytes
Variable 'ret': 
  unit 'xcpQueue64_c', function 'QueuePeek', namespace '': address=(0x2,0x7fffff38) type='tQueueBuffer', size=24 bytes
  unit 'xcpQueue64_c', function 'QueuePeek', namespace '': address=(0x2,0x7fffff00) type='tQueueBuffer', size=24 bytes
  unit 'xcpQueue64_c', function 'QueuePeek', namespace '': address=(0x2,0x7ffffee0) type='tQueueBuffer', size=24 bytes
  unit 'xcpQueue64_c', function 'QueuePeek', namespace '': address=(0x2,0x7ffffec0) type='tQueueBuffer', size=24 bytes
  unit 'xcpQueue64_c', function 'QueuePeek', namespace '': address=(0x2,0x7ffffea8) type='tQueueBuffer', size=24 bytes
  unit 'xcpQueue64_c', function 'QueueAcquire', namespace '': address=(0x2,0x7fffff98) type='tQueueBuffer', size=24 bytes
  unit 'xcpQueue64_c', function 'QueueAcquire', namespace '': address=(0x2,0x7fffff60) type='tQueueBuffer', size=24 bytes
Variable 'entry': 
  unit 'xcpQueue64_c', function 'QueuePeek', namespace '': address=(0x2,0x7fffff70) type='tXcpDtoMessage', size=8 bytes
  unit 'xcpQueue64_c', function 'QueuePush', namespace '': address=(0x2,0x7fffffe8) type='tXcpDtoMessage', size=8 bytes
  unit 'xcpQueue64_c', function 'QueueAcquire', namespace '': address=(0x2,0x7ffffff8) type='tXcpDtoMessage', size=8 bytes
Variable 'msg_len': 
  unit 'xcpQueue64_c', function 'QueueAcquire', namespace '': address=(0x2,0x7fffffee) type='uint16_t', size=2 bytes
Variable 'aligned_size': 
  unit 'xcpQueue64_c', function 'QueueInitFromMemory', namespace '': address=(0x2,0x7ffffff4) type='uint32_t', size=4 bytes
Variable 'gA2lFile': 
  unit 'a2l_c', function '<global>', namespace '': address=(0x0,0x30cb0) type='FILE', size=8 bytes
Variable 'gA2lFileFinalized': 
  unit 'a2l_c', function '<global>', namespace '': address=(0x0,0x30cb8) type='_Bool', size=1 bytes
Variable 'gA2lFilename': 
  unit 'a2l_c', function '<global>', namespace '': address=(0x0,0x30cc0) type='char', size=256 bytes
Variable 'gA2lBinFilename': 
  unit 'a2l_c', function '<global>', namespace '': address=(0x0,0x30dc0) type='char', size=256 bytes
  unit 'persistency_c', function '<global>', namespace '': address=(0x0,0x31190) type='char', size=8 bytes
Variable 'gA2lFinalizeOnConnect': 
  unit 'a2l_c', function '<global>', namespace '': address=(0x0,0x30ec0) type='_Bool', size=1 bytes
Variable 'gA2lWriteAlways': 
  unit 'a2l_c', function '<global>', namespace '': address=(0x0,0x30284) type='_Bool', size=1 bytes
Variable 'gA2lMutex': 
  unit 'a2l_c', function '<global>', namespace '': address=(0x0,0x30ec8) type='pthread_mutex_t', size=48 bytes
Variable 'gA2lTypedefsFile': 
  unit 'a2l_c', function '<global>', namespace '': address=(0x0,0x30ef8) type='FILE', size=8 bytes
Variable 'gA2lGroupsFile': 
  unit 'a2l_c', function '<global>', namespace '': address=(0x0,0x30f00) type='FILE', size=8 bytes
Variable 'gA2lConversionsFile': 
  unit 'a2l_c', function '<global>', namespace '': address=(0x0,0x30f08) type='FILE', size=8 bytes
Variable 'gA2lConvName': 
  unit 'a2l_c', function '<global>', namespace '': address=(0x0,0x30f10) type='char', size=256 bytes
Variable 'gA2lAutoGroups': 
  unit 'a2l_c', function '<global>', namespace '': address=(0x0,0x30285) type='char', size=1 bytes
Variable 'gA2lAutoGroupName': 
  unit 'a2l_c', function '<global>', namespace '': address=(0x0,0x31010) type='char', size=8 bytes
Variable 'gA2lAutoGroupIsParameter': 
  unit 'a2l_c', function '<global>', namespace '': address=(0x0,0x31018) type='_Bool', size=1 bytes
Variable 'gA2lUseTCP': 
  unit 'a2l_c', function '<global>', namespace '': address=(0x0,0x31019) type='_Bool', size=1 bytes
Variable 'gA2lOptionPort': 
  unit 'a2l_c', function '<global>', namespace '': address=(0x0,0x30286) type='uint16_t', size=2 bytes
Variable 'gA2lOptionBindAddr': 
  unit 'a2l_c', function '<global>', namespace '': address=(0x0,0x31020) type='uint8_t', size=4 bytes
Variable 'gA2lFixedEvent': 
  unit 'a2l_c', function '<global>', namespace '': address=(0x0,0x30288) type='tXcpEventId', size=2 bytes
Variable 'gA2lDefaultEvent': 
  unit 'a2l_c', function '<global>', namespace '': address=(0x0,0x3028a) type='tXcpEventId', size=2 bytes
Variable 'gAl2AddrExt': 
  unit 'a2l_c', function '<global>', namespace '': address=(0x0,0x31024) type='uint8_t', size=1 bytes
Variable 'gA2lAddrBase': 
  unit 'a2l_c', function '<global>', namespace '': address=(0x0,0x31028) type='uint8_t', size=8 bytes
Variable 'gA2lAddrIndex': 
  unit 'a2l_c', function '<global>', namespace '': address=(0x0,0x31030) type='tXcpCalSegIndex', size=2 bytes
Variable 'gA2lMeasurements': 
  unit 'a2l_c', function '<global>', namespace '': address=(0x0,0x31034) type='uint32_t', size=4 bytes
Variable 'gA2lParameters': 
  unit 'a2l_c', function '<global>', namespace '': address=(0x0,0x31038) type='uint32_t', size=4 bytes
Variable 'gA2lTypedefs': 
  unit 'a2l_c', function '<global>', namespace '': address=(0x0,0x3103c) type='uint32_t', size=4 bytes
Variable 'gA2lComponents': 
  unit 'a2l_c', function '<global>', namespace '': address=(0x0,0x31040) type='uint32_t', size=4 bytes
Variable 'gA2lInstances': 
  unit 'a2l_c', function '<global>', namespace '': address=(0x0,0x31044) type='uint32_t', size=4 bytes
Variable 'gA2lConversions': 
  unit 'a2l_c', function '<global>', namespace '': address=(0x0,0x31048) type='uint32_t', size=4 bytes
Variable 'gA2lHeader1': 
  unit 'a2l_c', function '<global>', namespace '': address=(0x0,0x30290) type='char', size=8 bytes
Variable 'gA2lHeader2': 
  unit 'a2l_c', function '<global>', namespace '': address=(0x0,0x30298) type='char', size=8 bytes
Variable 'gA2lMemorySegment': 
  unit 'a2l_c', function '<global>', namespace '': address=(0x0,0x302a0) type='char', size=8 bytes
Variable 'gA2lIfDataBegin': 
  unit 'a2l_c', function '<global>', namespace '': address=(0x0,0x2fda0) type='char', size=8 bytes
Variable 'gA2lIfDataProtocolLayer': 
  unit 'a2l_c', function '<global>', namespace '': address=(0x0,0x302a8) type='char', size=8 bytes
Variable 'gA2lIfDataBeginDAQ': 
  unit 'a2l_c', function '<global>', namespace '': address=(0x0,0x302b0) type='char', size=8 bytes
Variable 'gA2lIfDataEndDAQ': 
  unit 'a2l_c', function '<global>', namespace '': address=(0x0,0x2fda8) type='char', size=8 bytes
Variable 'gA2lIfDataEth': 
  unit 'a2l_c', function '<global>', namespace '': address=(0x0,0x302b8) type='char', size=8 bytes
Variable 'gA2lIfDataEnd': 
  unit 'a2l_c', function '<global>', namespace '': address=(0x0,0x2fdb0) type='char', size=8 bytes
Variable 'gA2lFooter': 
  unit 'a2l_c', function '<global>', namespace '': address=(0x0,0x2fdb8) type='char', size=8 bytes
Variable 'epk_suffix': 
  unit 'a2l_c', function 'A2lInit', namespace '': address=(0x2,0x7ffffff8) type='char', size=8 bytes
Variable 'eventList': 
  unit 'a2l_c', function 'A2lFinalize', namespace '': address=(0x2,0x7ffffff0) type='tXcpEventList', size=8 bytes
  unit 'a2l_c', function 'A2lCreate_IF_DATA_DAQ', namespace '': address=(0x2,0x7fffffe8) type='tXcpEventList', size=8 bytes
Variable 'name': 
  unit 'a2l_c', function 'A2lFinalize', namespace '': address=(0x2,0x7fffffd8) type='char', size=8 bytes
  unit 'a2l_c', function 'A2lCreate_IF_DATA_DAQ', namespace '': address=(0x2,0x7fffffd0) type='char', size=8 bytes
Variable 'file': 
  unit 'a2l_c', function 'includeFile', namespace '': address=(0x2,0x7ffffff8) type='FILE', size=8 bytes
  unit 'persistency_c', function 'XcpBinLoad', namespace '': address=(0x2,0x7ffffff0) type='FILE', size=8 bytes
  unit 'persistency_c', function 'XcpBinFreezeCalSeg', namespace '': address=(0x2,0x7fffffe8) type='FILE', size=8 bytes
  unit 'persistency_c', function 'XcpBinWrite', namespace '': address=(0x2,0x7ffffff0) type='FILE', size=8 bytes
Variable 'line': 
  unit 'a2l_c', function 'includeFile', namespace '': address=(0x2,0x7ffffdf8) type='char', size=512 bytes
Variable 'ap': 
  unit 'a2l_c', function 'A2lCreateParameterGroup', namespace '': address=(0x2,0x7fffff28) type='va_list', size=32 bytes
  unit 'a2l_c', function 'A2lCreateMeasurementGroup', namespace '': address=(0x2,0x7fffff28) type='va_list', size=32 bytes
Variable 'i1': 
  unit 'a2l_c', function 'A2lCreateMeasurementGroupFromList', namespace '': address=(0x2,0x7ffffffc) type='uint32_t', size=4 bytes
Variable 'min': 
  unit 'a2l_c', function 'A2lCreateParameter_', namespace '': address=(0x2,0x7ffffff0) type='double', size=8 bytes
  unit 'a2l_c', function 'A2lCreateMeasurementArray_', namespace '': address=(0x2,0x7fffffe8) type='double', size=8 bytes
  unit 'a2l_c', function 'A2lCreateMeasurement_', namespace '': address=(0x2,0x7fffffe8) type='double', size=8 bytes
  unit 'a2l_c', function 'getTypeMin', namespace '': address=(0x2,0x7ffffff8) type='double', size=8 bytes
Variable 'max': 
  unit 'a2l_c', function 'A2lCreateParameter_', namespace '': address=(0x2,0x7fffffe8) type='double', size=8 bytes
  unit 'a2l_c', function 'A2lCreateMeasurementArray_', namespace '': address=(0x2,0x7fffffe0) type='double', size=8 bytes
  unit 'a2l_c', function 'A2lCreateMeasurement_', namespace '': address=(0x2,0x7fffffe0) type='double', size=8 bytes
  unit 'a2l_c', function 'getTypeMax', namespace '': address=(0x2,0x7ffffff8) type='double', size=8 bytes
Variable 'conv': 
  unit 'a2l_c', function 'A2lCreateParameter_', namespace '': address=(0x2,0x7ffffff8) type='char', size=8 bytes
  unit 'a2l_c', function 'A2lCreateMeasurementArray_', namespace '': address=(0x2,0x7ffffff8) type='char', size=8 bytes
  unit 'a2l_c', function 'A2lCreateMeasurement_', namespace '': address=(0x2,0x7ffffff8) type='char', size=8 bytes
  unit 'a2l_c', function 'A2lTypedefParameterComponent_', namespace '': address=(0x2,0x7ffffff8) type='char', size=8 bytes
  unit 'a2l_c', function 'A2lTypedefMeasurementComponent_', namespace '': address=(0x2,0x7ffffff8) type='char', size=8 bytes
Variable 'symbol_name': 
  unit 'a2l_c', function 'A2lCreateMeasurementArray_', namespace '': address=(0x2,0x7ffffff0) type='char', size=8 bytes
  unit 'a2l_c', function 'A2lCreateMeasurement_', namespace '': address=(0x2,0x7ffffff0) type='char', size=8 bytes
Variable 'factor': 
  unit 'a2l_c', function 'getConversion', namespace '': address=(0x2,0x7ffffff8) type='double', size=8 bytes
Variable 'addr_diff': 
  unit 'a2l_c', function 'A2lGetAddr_', namespace '': address=(0x2,0x7ffffff8) type='uint64_t', size=8 bytes
  unit 'a2l_c', function 'A2lGetAddr_', namespace '': address=(0x2,0x7ffffff0) type='uint64_t', size=8 bytes
Variable 'addr_high': 
  unit 'a2l_c', function 'A2lGetAddr_', namespace '': address=(0x2,0x7fffffe8) type='uint64_t', size=8 bytes
Variable 'event_name': 
  unit 'a2l_c', function 'A2lSetAbsoluteAddrMode__i', namespace '': address=(0x2,0x7ffffff8) type='char', size=8 bytes
  unit 'a2l_c', function 'A2lSetStackAddrMode__i', namespace '': address=(0x2,0x7ffffff8) type='char', size=8 bytes
  unit 'a2l_c', function 'A2lSetRelativeAddrMode__i', namespace '': address=(0x2,0x7ffffff8) type='char', size=8 bytes
  unit 'a2l_c', function 'beginEventGroup', namespace '': address=(0x2,0x7ffffff8) type='char', size=8 bytes
Variable 'event_id': 
  unit 'a2l_c', function 'A2lSetAbsoluteAddrMode__s', namespace '': address=(0x2,0x7ffffffe) type='tXcpEventId', size=2 bytes
  unit 'a2l_c', function 'A2lSetStackAddrMode__s', namespace '': address=(0x2,0x7ffffffe) type='tXcpEventId', size=2 bytes
  unit 'a2l_c', function 'A2lSetRelativeAddrMode__s', namespace '': address=(0x2,0x7ffffffe) type='tXcpEventId', size=2 bytes
  unit 'persistency_c', function 'XcpBinLoad', namespace '': address=(0x2,0x7fffffce) type='tXcpEventId', size=2 bytes
Variable 'group_name': 
  unit 'a2l_c', function 'beginEventGroup', namespace '': address=(0x2,0x7fffffb8) type='char', size=64 bytes
Variable 'calseg_index': 
  unit 'a2l_c', function 'A2lSetSegmentAddrMode__s', namespace '': address=(0x2,0x7ffffffe) type='tXcpCalSegIndex', size=2 bytes
Variable 'addr0': 
  unit 'a2l_c', function 'A2lCreate_ETH_IF_DATA', namespace '': address=(0x2,0x7ffffff0) type='uint8_t', size=4 bytes
Variable 'addrs': 
  unit 'a2l_c', function 'A2lCreate_ETH_IF_DATA', namespace '': address=(0x2,0x7fffffd8) type='char', size=17 bytes
Variable 'prot': 
  unit 'a2l_c', function 'A2lCreate_ETH_IF_DATA', namespace '': address=(0x2,0x7ffffff8) type='char', size=8 bytes
Variable 'eventCount': 
  unit 'a2l_c', function 'A2lCreate_IF_DATA_DAQ', namespace '': address=(0x2,0x7ffffff2) type='uint16_t', size=2 bytes
Variable 'calSegList': 
  unit 'a2l_c', function 'A2lCreate_MOD_PAR', namespace '': address=(0x2,0x7fffffe8) type='tXcpCalSegList', size=8 bytes
Variable 'typeid_table': 
  unit 'a2l_c', function 'A2lOpen', namespace '': address=(0x2,0x7fffffc8) type='tA2lTypeId', size=10 bytes
Variable 'a2l_type_id': 
  unit 'a2l_c', function 'A2lOpen', namespace '': address=(0x2,0x7ffffff7) type='tA2lTypeId', size=1 bytes
Variable 'a2l_type_name': 
  unit 'a2l_c', function 'A2lOpen', namespace '': address=(0x2,0x7fffffe8) type='char', size=8 bytes
Variable 'a2l_record_layout_name': 
  unit 'a2l_c', function 'A2lOpen', namespace '': address=(0x2,0x7fffffe0) type='char', size=8 bytes
Variable 'format_str': 
  unit 'a2l_c', function 'A2lOpen', namespace '': address=(0x2,0x7fffffd8) type='char', size=8 bytes
Variable 'gA2lHeader': 
  unit 'persistency_c', function '<global>', namespace '': address=(0x0,0x31150) type='tHeader', size=58 bytes
Variable 'read': 
  unit 'persistency_c', function 'XcpBinLoad', namespace '': address=(0x2,0x7fffffe8) type='size_t', size=8 bytes
Variable 'desc': 
  unit 'persistency_c', function 'XcpBinLoad', namespace '': address=(0x2,0x7fffffb0) type='tEventDescriptor', size=28 bytes
  unit 'persistency_c', function 'XcpBinLoad', namespace '': address=(0x2,0x7fffff98) type='tCalSegDescriptor', size=24 bytes
  unit 'persistency_c', function 'writeCalseg', namespace '': address=(0x2,0x7fffffe0) type='tCalSegDescriptor', size=24 bytes
  unit 'persistency_c', function 'writeEvent', namespace '': address=(0x2,0x7fffffd8) type='tEventDescriptor', size=28 bytes
Variable 'default_page': 
  unit 'persistency_c', function 'XcpBinLoad', namespace '': address=(0x2,0x7fffffe0) type='void', size=8 bytes
Variable 'seg': 
  unit 'persistency_c', function 'XcpBinLoad', namespace '': address=(0x2,0x7fffffd0) type='tXcpCalSeg', size=8 bytes
  unit 'persistency_c', function 'XcpBinFreezeCalSeg', namespace '': address=(0x2,0x7ffffff0) type='tXcpCalSeg', size=8 bytes
  unit 'persistency_c', function 'XcpBinWrite', namespace '': address=(0x2,0x7fffffe8) type='tXcpCalSeg', size=8 bytes
Variable 'ecu_page': 
  unit 'persistency_c', function 'XcpBinFreezeCalSeg', namespace '': address=(0x2,0x7fffffe0) type='uint8_t', size=8 bytes
Variable 'written': 
  unit 'persistency_c', function 'writeCalseg', namespace '': address=(0x2,0x7ffffff8) type='size_t', size=8 bytes
  unit 'persistency_c', function 'writeEvent', namespace '': address=(0x2,0x7ffffff8) type='size_t', size=8 bytes
  unit 'persistency_c', function 'writeHeader', namespace '': address=(0x2,0x7ffffff8) type='size_t', size=8 bytes
Variable 'gtr': 
  unit 'platform_c', function 'clockInit', namespace '': address=(0x2,0x7fffffe0) type='timespec', size=16 bytes
Variable 't1': 
  unit 'platform_c', function 'clockInit', namespace '': address=(0x2,0x7ffffff8) type='uint64_t', size=8 bytes
Variable 't2': 
  unit 'platform_c', function 'clockInit', namespace '': address=(0x2,0x7ffffff0) type='uint64_t', size=8 bytes
Variable 'sa': 
  unit 'platform_c', function 'socketSendTo', namespace '': address=(0x2,0x7ffffff0) type='sockaddr_in', size=16 bytes
  unit 'platform_c', function 'socketAccept', namespace '': address=(0x2,0x7fffffe8) type='sockaddr_in', size=16 bytes
  unit 'platform_c', function 'socketGetLocalAddr', namespace '': address=(0x2,0x7fffffe8) type='sockaddr_in', size=8 bytes
Variable 'srclen': 
  unit 'platform_c', function 'socketRecvFrom', namespace '': address=(0x2,0x7fffffe4) type='socklen_t', size=4 bytes
Variable 'group': 
  unit 'platform_c', function 'socketJoin', namespace '': address=(0x2,0x7ffffff8) type='ip_mreq', size=8 bytes
Variable 'sa_size': 
  unit 'platform_c', function 'socketAccept', namespace '': address=(0x2,0x7fffffe4) type='socklen_t', size=4 bytes
Variable 'strbuf': 
  unit 'platform_c', function 'socketGetLocalAddr', namespace '': address=(0x2,0x7fffffa8) type='char', size=64 bytes
Variable 'ifaddrs': 
  unit 'platform_c', function 'socketGetLocalAddr', namespace '': address=(0x2,0x7fffffa0) type='ifaddrs', size=8 bytes
  unit 'platform_c', function 'GetMAC', namespace '': address=(0x2,0x7fffffe8) type='ifaddrs', size=8 bytes
Variable 'ifa': 
  unit 'platform_c', function 'socketGetLocalAddr', namespace '': address=(0x2,0x7ffffff8) type='ifaddrs', size=8 bytes
  unit 'platform_c', function 'GetMAC', namespace '': address=(0x2,0x7ffffff8) type='ifaddrs', size=8 bytes
Variable 'ifa1': 
  unit 'platform_c', function 'socketGetLocalAddr', namespace '': address=(0x2,0x7ffffff0) type='ifaddrs', size=8 bytes
Variable 'a': 
  unit 'platform_c', function 'socketBind', namespace '': address=(0x2,0x7ffffff0) type='sockaddr_in', size=16 bytes
Variable 'yes': 
  unit 'platform_c', function 'socketOpen', namespace '': address=(0x2,0x7ffffffc) type='int', size=4 bytes
Variable 'ma': 
  unit 'platform_c', function 'mutexInit', namespace '': address=(0x2,0x7ffffff8) type='pthread_mutexattr_t', size=8 bytes
Variable 'timerem': 
  unit 'platform_c', function 'sleepMs', namespace '': address=(0x2,0x7fffffe0) type='timespec', size=16 bytes
  unit 'platform_c', function 'sleepUs', namespace '': address=(0x2,0x7fffffe0) type='timespec', size=16 bytes

[INFO ] Registering segment and event information
[INFO ] Calibration segment definition 'params' found in main_c:main
[INFO ] Event definition for event 'mainloop' found in main_c:main
[INFO ] Event definition for event 'foo' found in main_c:foo
[INFO ] Event definition for event 'task' found in main_c:task
[INFO ] Registering event locations
[INFO ] Event mainloop trigger found in main_c:main
[INFO ] Event foo trigger found in main_c:foo
[INFO ] Event task trigger found in main_c:task
[INFO ] Registering variables
  global_running: addr = 0:0x00030238
    TypeInfo: _Bool Integer: 1 byte unsigned
  params: addr = 0:0x000158e0
    TypeInfo: params Struct: 6 fields, size = 48
      Field 'counter_max': size = 2 bytes, offset = 0 bytes
      Field 'delay_us': size = 4 bytes, offset = 4 bytes
      Field 'test_par_uint8_array': size = 10 bytes, offset = 8 bytes
      Field 'test_par_double': size = 8 bytes, offset = 24 bytes
      Field 'test_par_enum': size = 4 bytes, offset = 32 bytes
      Field 'test_par_struct': size = 12 bytes, offset = 36 bytes
  params: addr = 2:0x0001fff8
    TypeInfo: params Pointer: typeref = 8, size = 749 
[WARN ] Variable 'params' has unsupported type: Pointer(8, 749)
  global_counter: addr = 0:0x000302c2
    TypeInfo: uint16_t Integer: 2 byte unsigned
  global_test_uint8: addr = 0:0x00030239
    TypeInfo: uint8_t Integer: 1 byte unsigned
  global_test_uint16: addr = 0:0x0003023a
    TypeInfo: uint16_t Integer: 2 byte unsigned
  global_test_uint32: addr = 0:0x0003023c
    TypeInfo: uint32_t Integer: 4 byte unsigned
  global_test_uint64: addr = 0:0x00030240
    TypeInfo: uint64_t Integer: 8 byte unsigned
  global_test_int8: addr = 0:0x00030248
    TypeInfo: int8_t Integer: 1 byte signed
  global_test_int16: addr = 0:0x0003024a
    TypeInfo: int16_t Integer: 2 byte signed
  global_test_int32: addr = 0:0x0003024c
    TypeInfo: int32_t Integer: 4 byte signed
  global_test_int64: addr = 0:0x00030250
    TypeInfo: int64_t Integer: 8 byte signed
  global_test_float: addr = 0:0x00030258
    TypeInfo: float Floating point: 4 byte
  global_test_double: addr = 0:0x00030260
    TypeInfo: double Floating point: 8 byte
  global_test_array: addr = 0:0x00030268
    TypeInfo: uint8_t Array: typeref = Uint8, dim = [3], stride = 1 bytes, size = 3 bytes
  global_test_struct: addr = 0:0x00030270
    TypeInfo: test_struct Struct: 4 fields, size = 12
      Field 'a': size = 2 bytes, offset = 0 bytes
      Field 'b': size = 2 bytes, offset = 2 bytes
      Field 'f': size = 4 bytes, offset = 4 bytes
      Field 'd': size = 3 bytes, offset = 8 bytes
  counter: addr = 2:0x0001ffe4
    TypeInfo: uint32_t Integer: 4 byte unsigned
  counter: addr = 2:0x0003fffc
    TypeInfo: uint32_t Integer: 4 byte unsigned
  counter: addr = 2:0x0002fffc
    TypeInfo: uint32_t Integer: 4 byte unsigned
  static_counter: addr = 0:0x000302c6
    TypeInfo: uint16_t Integer: 2 byte unsigned
  delay_us: addr = 2:0x0001fff4
    TypeInfo: uint32_t Integer: 4 byte unsigned
  test_int64: addr = 2:0x0003fff0
    TypeInfo: uint64_t Integer: 8 byte unsigned
  test_float: addr = 2:0x0003ffec
    TypeInfo: float Floating point: 4 byte
  test_double: addr = 2:0x0003ffe0
    TypeInfo: double Floating point: 8 byte
  test_uint8: addr = 2:0x0003ffdf
    TypeInfo: uint8_t Integer: 1 byte unsigned
  test_uint16: addr = 2:0x0003ffdc
    TypeInfo: uint16_t Integer: 2 byte unsigned
  test_uint32: addr = 2:0x0003ffd8
    TypeInfo: uint32_t Integer: 4 byte unsigned
  test_uint64: addr = 2:0x0003ffd0
    TypeInfo: uint64_t Integer: 8 byte unsigned
  test_int8: addr = 2:0x0003ffcf
    TypeInfo: int8_t Integer: 1 byte signed
  test_int16: addr = 2:0x0003ffcc
    TypeInfo: int16_t Integer: 2 byte signed
  test_int32: addr = 2:0x0003ffc8
    TypeInfo: int32_t Integer: 4 byte signed
  test_int64_2: addr = 2:0x0003ffc0
    TypeInfo: int64_t Integer: 8 byte signed
  test_struct: addr = 2:0x0003ffb0
    TypeInfo: test_struct Struct: 4 fields, size = 12
      Field 'a': size = 2 bytes, offset = 0 bytes
      Field 'b': size = 2 bytes, offset = 2 bytes
      Field 'f': size = 4 bytes, offset = 4 bytes
      Field 'd': size = 3 bytes, offset = 8 bytes
[WARN ] Duplicate typedef name test_struct, equality not checked!
  thread_local_counter: addr = 0:0x00000000
    TypeInfo: uint16_t Integer: 2 byte unsigned
  daq__task__thread_local_counter: addr = 0:0x000302c4
    TypeInfo: uint16_t Integer: 2 byte unsigned
[WARN ] Overwriting existing A2L file: examples/no_a2l_demo/CANape/no_a2l_demo.a2l
[INFO ] Write A2L file "examples/no_a2l_demo/CANape/no_a2l_demo.a2l"
[INFO ] Check A2L file "examples/no_a2l_demo/CANape/no_a2l_demo.a2l"
[WARN ] A2L check: Cross-reference error: SUB_GROUP params on line 230 references a non-existent GROUP params
[WARN ] A2L check: Cross-reference error: GROUP Characteristics on line 230 references a non-existent GROUP params
[WARN ] A2L file check with 2 warnings !!
[INFO ] Created A2L file: examples/no_a2l_demo/CANape/no_a2l_demo.a2l in online+elf/dwarf mode
[INFO ] XCP Disconnected

Stopping target executable 48162 on Target ...

========================================================================================================
 SUCCESS:
Created a new A2L file examples/no_a2l_demo/CANape/no_a2l_demo.a2l
========================================================================================================
